<!-- use et al. in in-text references - document section test -->

<!-- allowed doc sections -->

<!-- whole_article: /article -->
<article dtd-version="3.0" xmlns:mml="http://www.w3.org/1998/Math/MathML" xmlns:xlink="http://www.w3.org/1999/xlink">
	<front>
		<journal-meta>
			<journal-id journal-id-type="publisher"></journal-id>
			<journal-title-group><journal-title>Test Journal</journal-title></journal-title-group>
			<publisher><publisher-name>Allen Press, Inc.</publisher-name></publisher>
		</journal-meta>
		<article-meta>
			<article-id pub-id-type="sici">test-01-01-01</article-id>
			<article-categories><subj-group subj-group-type="Article Type"><subject>Research Article</subject></subj-group></article-categories>
			<title-group>
				<article-title>This is the Title of the Test Article</article-title>
				<alt-title alt-title-type="runhead">Test Test Test</alt-title>
			</title-group>
			<contrib-group>
			<contrib contrib-type="author">
					<name content-type="Given-Sur">
						<surname>Henderson</surname>
						<given-names>Joe<x> </x></given-names>
					</name>
			<xref rid="n102" ref-type="fn"/></contrib><x> and </x>
			<contrib contrib-type="author">
					<name content-type="Given-Sur">
						<surname>Stuart</surname>
						<given-names>Ian<x> </x></given-names>
					</name>
			<xref rid="n102" ref-type="fn"/></contrib></contrib-group>
			<author-notes><fn id="n102" fn-type="current-aff"><p><italic>Front footnote for author details.</italic>.</p></fn></author-notes>
			<pub-date pub-type="ppub">
				<month>Month</month>
				<year>2013</year>
			</pub-date>
			<volume>00</volume>
			<issue>00</issue>
			<fpage>001</fpage>
			<lpage>999</lpage>
			<permissions><copyright-statement>Allen Press, Inc.</copyright-statement><copyright-year>2013</copyright-year></permissions>
			<abstract>
				<title>ABSTRACT</title><x>: </x>
				<p>This is the abstract. There will be no xref callouts here</p>
			</abstract>
		</article-meta>
	</front>
	<body>
		<sec id="s1">
			<title>INTRODUCTION</title>
			<p>This is a regular emtpy paragraph in a body section.</p>
			<p>This sentence has a footnote<xref ref-type="fn" rid="n1"><sup>1</sup></xref><fn id="n1"><label><sup>1</sup></label><p>This is the first footnote.</p></fn>. This sentence also has a footnote<xref ref-type="fn" rid="n2"><sup>2</sup></xref><fn id="n2"><label><sup>2</sup></label><p>This is the second footnote.</p></fn>. This sentence does not</p>
			<p>This is the first callout for <xref ref-type="bibr" rid="test-01-01-01-Dumbledore1">Dumbledore et al. 2000</xref>.</p>
			<p>This is the second callout for <xref ref-type="bibr" rid="test-01-01-01-Dumbledore1">Dumbledore et al. 2000</xref>.</p>
			<p>This is the first callout for <xref ref-type="bibr" rid="test-01-01-01-Riddle1">Riddle et al. 1995</xref>.</p>
			<p>This is the second callout for <xref ref-type="bibr" rid="test-01-01-01-Riddle1">Riddle et al. 1995</xref>.</p>
		</sec>
	</body>
	<back>
		<ref-list>
			<title>REFERENCES</title>
			<ref id="test-01-01-01-Dumbledore1">
				<element-citation>
					<person-group person-group-type="author">
						<name content-type="Sur-Given">
							<surname>Dumbledore<x>, </x></surname>
							<given-names>Albus Percival Wulfric Brian<x>, </x></given-names>
						</name>
						<name content-type="Given-Sur">
							<surname>McGonagall<x>, </x></surname>
							<given-names>Minerva<x> </x></given-names>
						</name>
						<name content-type="Given-Sur">
							<surname>Snape<x>, </x></surname>
							<given-names>Severus<x> </x></given-names>
						</name>
						<name content-type="Given-Sur">
							<surname>Umbridge<x>, </x></surname>
							<given-names>Dolores Jane<x> </x></given-names>
						</name>
						<name content-type="Given-Sur">
							<surname>Scamander<x>, </x></surname>
							<given-names>Newton Artemis Fido<x> </x></given-names>
						</name>
						<name content-type="Given-Sur">
							<surname>Dippet<x>, </x></surname>
							<given-names>Armando<x> </x></given-names>
						</name>
						<name content-type="Given-Sur">
							<surname>Black<x>, </x></surname>
							<given-names>Phineas Nigellus<x> </x></given-names>
						</name>
						<x>and </x>
						<name content-type="Given-Sur">
							<surname>Fortescue<x>. </x></surname>
							<given-names>Dexter<x>. </x></given-names>
						</name>
					</person-group>
					<year>2000</year><x>. </x>
					<article-title>Article Title</article-title><x>. </x>
					<source>Hogwart&apos;s Headmasters Journal</source><x> </x>
					<volume>00</volume><x> </x>
					<issue>00</issue><x>: </x>
					<fpage>1</fpage><x>&ndash;</x>
					<lpage>999</lpage><x>.</x>
				</element-citation>
			</ref>
			<ref id="test-01-01-01-Riddle1">
				<element-citation>
					<person-group person-group-type="author">
						<name content-type="Sur-Given">
							<surname>Riddle<x>, </x></surname>
							<given-names>Thomas Marvolo<x>, </x></given-names>
						</name>
						<name content-type="Given-Sur">
							<surname>Snape<x>, </x></surname>
							<given-names>Severus<x> </x></given-names>
						</name>
						<name content-type="Given-Sur">
							<surname>Pettigrew<x>, </x></surname>
							<given-names>Peter<x> </x></given-names>
						</name>
						<name content-type="Given-Sur">
							<surname>Malfoy<x>, </x></surname>
							<given-names>Lucius<x> </x></given-names>
						</name>
						<name content-type="Given-Sur">
							<surname>Lestrange<x>, </x></surname>
							<given-names>Bellatrix<x> </x></given-names>
						</name>
						<name content-type="Given-Sur">
							<surname>Dolohov<x>, </x></surname>
							<given-names>Antonin<x> </x></given-names>
						</name>
						<name content-type="Given-Sur">
							<surname>Black<x>, </x></surname>
							<given-names>Regulus<x> </x></given-names>
						</name>
						<x>and </x>
						<name content-type="Given-Sur">
							<surname>Malfoy<x>, </x></surname>
							<given-names>Draco<x> </x></given-names>
						</name>
					</person-group>
					<year>1995</year><x>. </x>
					<article-title>Article Title</article-title><x>. </x>
					<source>Death Eaters Journal</source><x> </x>
					<volume>00</volume><x> </x>
					<issue>00</issue><x>: </x>
					<fpage>1</fpage><x>&ndash;</x>
					<lpage>999</lpage><x>.</x>
				</element-citation>
			</ref>
		</ref-list>
	</back>
</article>
