<!-- use et al. in in-text references - lots of callouts -->

<article dtd-version="3.0" xmlns:mml="http://www.w3.org/1998/Math/MathML" xmlns:xlink="http://www.w3.org/1999/xlink">
	<front>
		<journal-meta>
			<journal-id journal-id-type="publisher"></journal-id>
			<journal-title-group><journal-title>Test Journal</journal-title></journal-title-group>
			<publisher><publisher-name>Allen Press, Inc.</publisher-name></publisher>
		</journal-meta>
		<article-meta>
			<article-id pub-id-type="sici">test-01-01-01</article-id>
			<article-categories><subj-group subj-group-type="Article Type"><subject>Research Article</subject></subj-group></article-categories>
			<title-group>
				<article-title>This is the Title of the Test Article</article-title>
				<alt-title alt-title-type="runhead">Test Test Test</alt-title>
			</title-group>
			<contrib-group>
			<contrib contrib-type="author">
					<name content-type="Given-Sur">
						<surname>Henderson</surname>
						<given-names>Joe<x> </x></given-names>
					</name>
			<xref rid="n102" ref-type="fn"/></contrib><x> and </x>
			<contrib contrib-type="author">
					<name content-type="Given-Sur">
						<surname>Stuart</surname>
						<given-names>Ian<x> </x></given-names>
					</name>
			<xref rid="n102" ref-type="fn"/></contrib></contrib-group>
			<author-notes><fn id="n102" fn-type="current-aff"><p><italic>Front footnote for author details.</italic>.</p></fn></author-notes>
			<pub-date pub-type="ppub">
				<month>Month</month>
				<year>2013</year>
			</pub-date>
			<volume>00</volume>
			<issue>00</issue>
			<fpage>001</fpage>
			<lpage>999</lpage>
			<permissions><copyright-statement>Allen Press, Inc.</copyright-statement><copyright-year>2013</copyright-year></permissions>
			<abstract>
				<title>ABSTRACT</title><x>: </x>
				<p>This is the abstract. There will be no xref callouts here</p>
			</abstract>
		</article-meta>
	</front>
	<body>
		<sec id="s1">
			<title>INTRODUCTION</title>
			<p>This is the first callout for <xref ref-type="bibr" rid="test-01-01-01-Dumbledore1">Dumbledore et al. 2000</xref>.</p>
			<p>This is the second callout for <xref ref-type="bibr" rid="test-01-01-01-Dumbledore1">Dumbledore et al. 2000</xref>.</p>
			<p>This is the first callout for <xref ref-type="bibr" rid="test-01-01-01-Riddle1">Riddle et al. 1995</xref>.</p>
			<p>This is the second callout for <xref ref-type="bibr" rid="test-01-01-01-Riddle1">Riddle et al. 1995</xref>.</p>
			<p>This is the first callout for <xref ref-type="bibr" rid="test-01-01-01-Dumbledore1">Dumbledore et al. 2000</xref>.</p>
			<p>This is the second callout for <xref ref-type="bibr" rid="test-01-01-01-Dumbledore1">Dumbledore et al. 2000</xref>.</p>
			<p>This is the first callout for <xref ref-type="bibr" rid="test-01-01-01-Riddle1">Riddle et al. 1995</xref>.</p>
			<p>This is the second callout for <xref ref-type="bibr" rid="test-01-01-01-Riddle1">Riddle et al. 1995</xref>.</p>
			<p>This is the first callout for <xref ref-type="bibr" rid="test-01-01-01-Dumbledore1">Dumbledore et al. 2000</xref>.</p>
			<p>This is the second callout for <xref ref-type="bibr" rid="test-01-01-01-Dumbledore1">Dumbledore et al. 2000</xref>.</p>
			<p>This is the first callout for <xref ref-type="bibr" rid="test-01-01-01-Riddle1">Riddle et al. 1995</xref>.</p>
			<p>This is the second callout for <xref ref-type="bibr" rid="test-01-01-01-Riddle1">Riddle et al. 1995</xref>.</p>
			<p>This is the first callout for <xref ref-type="bibr" rid="test-01-01-01-Dumbledore1">Dumbledore et al. 2000</xref>.</p>
			<p>This is the second callout for <xref ref-type="bibr" rid="test-01-01-01-Dumbledore1">Dumbledore et al. 2000</xref>.</p>
			<p>This is the first callout for <xref ref-type="bibr" rid="test-01-01-01-Riddle1">Riddle et al. 1995</xref>.</p>
			<p>This is the second callout for <xref ref-type="bibr" rid="test-01-01-01-Riddle1">Riddle et al. 1995</xref>.</p>
			<p>This is the first callout for <xref ref-type="bibr" rid="test-01-01-01-Dumbledore1">Dumbledore et al. 2000</xref>.</p>
			<p>This is the second callout for <xref ref-type="bibr" rid="test-01-01-01-Dumbledore1">Dumbledore et al. 2000</xref>.</p>
			<p>This is the first callout for <xref ref-type="bibr" rid="test-01-01-01-Riddle1">Riddle et al. 1995</xref>.</p>
			<p>This is the second callout for <xref ref-type="bibr" rid="test-01-01-01-Riddle1">Riddle et al. 1995</xref>.</p>
			<p>This is the first callout for <xref ref-type="bibr" rid="test-01-01-01-Dumbledore1">Dumbledore et al. 2000</xref>.</p>
			<p>This is the second callout for <xref ref-type="bibr" rid="test-01-01-01-Dumbledore1">Dumbledore et al. 2000</xref>.</p>
			<p>This is the first callout for <xref ref-type="bibr" rid="test-01-01-01-Riddle1">Riddle et al. 1995</xref>.</p>
			<p>This is the second callout for <xref ref-type="bibr" rid="test-01-01-01-Riddle1">Riddle et al. 1995</xref>.</p>
			<p>This sentence has a footnote<xref ref-type="fn" rid="n1"><sup>1</sup></xref><fn id="n1"><label><sup>1</sup></label><p>This is the first footnote.</p></fn>. This sentence also has a footnote<xref ref-type="fn" rid="n2"><sup>2</sup></xref><fn id="n2"><label><sup>2</sup></label><p>This is the second footnote. There can be callouts in body footnotes  <xref ref-type="bibr" rid="test-01-01-01-Dumbledore1">Dumbledore et al. 2000</xref> is an example.</p></fn>. This sentence does not</p>
			<p>This sentence has a footnote<xref ref-type="fn" rid="n3"><sup>3</sup></xref><fn id="n3"><label><sup>3</sup></label><p>This is the second footnote.</p></fn>. This sentence also has a footnote<xref ref-type="fn" rid="n4"><sup>4</sup></xref><fn id="n4"><label><sup>4</sup></label><p>This is the second footnote. There can be callouts in body footnotes  <xref ref-type="bibr" rid="test-01-01-01-Riddle1">Riddle et al. 1995</xref> is an example.</p></fn>. This sentence does not</p>
			<p>This sentence has a footnote<xref ref-type="fn" rid="n5"><sup>5</sup></xref><fn id="n5"><label><sup>5</sup></label><p>This is the first footnote.</p></fn>. This sentence also has a footnote<xref ref-type="fn" rid="n6"><sup>6</sup></xref><fn id="n6"><label><sup>6</sup></label><p>This is the second footnote. There can be callouts in body footnotes  <xref ref-type="bibr" rid="test-01-01-01-Dumbledore1">Dumbledore et al. 2000</xref> is an example.</p></fn>. This sentence does not</p>
			<p>This sentence has a footnote<xref ref-type="fn" rid="n7"><sup>7</sup></xref><fn id="n7"><label><sup>7</sup></label><p>This is the second footnote.</p></fn>. This sentence also has a footnote<xref ref-type="fn" rid="n8"><sup>8</sup></xref><fn id="n8"><label><sup>8</sup></label><p>This is the second footnote. There can be callouts in body footnotes  <xref ref-type="bibr" rid="test-01-01-01-Riddle1">Riddle et al. 1995</xref> is an example.</p></fn>. This sentence does not</p>
			<p>This sentence has a footnote<xref ref-type="fn" rid="n9"><sup>9</sup></xref><fn id="n9"><label><sup>9</sup></label><p>This is the first footnote.</p></fn>. This sentence also has a footnote<xref ref-type="fn" rid="n10"><sup>10</sup></xref><fn id="n10"><label><sup>10</sup></label><p>This is the second footnote. There can be callouts in body footnotes  <xref ref-type="bibr" rid="test-01-01-01-Dumbledore1">Dumbledore et al. 2000</xref> is an example.</p></fn>. This sentence does not</p>
			<p>This sentence has a footnote<xref ref-type="fn" rid="n11"><sup>11</sup></xref><fn id="n11"><label><sup>11</sup></label><p>This is the second footnote.</p></fn>. This sentence also has a footnote<xref ref-type="fn" rid="n12"><sup>12</sup></xref><fn id="n12"><label><sup>12</sup></label><p>This is the second footnote. There can be callouts in body footnotes  <xref ref-type="bibr" rid="test-01-01-01-Riddle1">Riddle et al. 1995</xref> is an example.</p></fn>. This sentence does not</p>
			<p>This sentence has a footnote<xref ref-type="fn" rid="n13"><sup>13</sup></xref><fn id="n13"><label><sup>13</sup></label><p>This is the first footnote.</p></fn>. This sentence also has a footnote<xref ref-type="fn" rid="n14"><sup>14</sup></xref><fn id="n14"><label><sup>14</sup></label><p>This is the second footnote. There can be callouts in body footnotes  <xref ref-type="bibr" rid="test-01-01-01-Dumbledore1">Dumbledore et al. 2000</xref> is an example.</p></fn>. This sentence does not</p>
			<p>This sentence has a footnote<xref ref-type="fn" rid="n15"><sup>15</sup></xref><fn id="n15"><label><sup>15</sup></label><p>This is the second footnote.</p></fn>. This sentence also has a footnote<xref ref-type="fn" rid="n16"><sup>16</sup></xref><fn id="n16"><label><sup>16</sup></label><p>This is the second footnote. There can be callouts in body footnotes  <xref ref-type="bibr" rid="test-01-01-01-Riddle1">Riddle et al. 1995</xref> is an example.</p></fn>. This sentence does not</p>
			<p>This sentence has a footnote<xref ref-type="fn" rid="n17"><sup>17</sup></xref><fn id="n17"><label><sup>17</sup></label><p>This is the first footnote.</p></fn>. This sentence also has a footnote<xref ref-type="fn" rid="n18"><sup>18</sup></xref><fn id="n18"><label><sup>18</sup></label><p>This is the second footnote. There can be callouts in body footnotes  <xref ref-type="bibr" rid="test-01-01-01-Dumbledore1">Dumbledore et al. 2000</xref> is an example.</p></fn>. This sentence does not</p>
			<p>This sentence has a footnote<xref ref-type="fn" rid="n19"><sup>19</sup></xref><fn id="n19"><label><sup>19</sup></label><p>This is the second footnote.</p></fn>. This sentence also has a footnote<xref ref-type="fn" rid="n20"><sup>20</sup></xref><fn id="n20"><label><sup>20</sup></label><p>This is the second footnote. There can be callouts in body footnotes  <xref ref-type="bibr" rid="test-01-01-01-Riddle1">Riddle et al. 1995</xref> is an example.</p></fn>. This sentence does not</p>
			<p>This sentence has a footnote<xref ref-type="fn" rid="n21"><sup>21</sup></xref><fn id="n21"><label><sup>21</sup></label><p>This is the first footnote.</p></fn>. This sentence also has a footnote<xref ref-type="fn" rid="n22"><sup>22</sup></xref><fn id="n22"><label><sup>22</sup></label><p>This is the second footnote. There can be callouts in body footnotes  <xref ref-type="bibr" rid="test-01-01-01-Dumbledore1">Dumbledore et al. 2000</xref> is an example.</p></fn>. This sentence does not</p>
			<p>This sentence has a footnote<xref ref-type="fn" rid="n23"><sup>23</sup></xref><fn id="n23"><label><sup>23</sup></label><p>This is the second footnote.</p></fn>. This sentence also has a footnote<xref ref-type="fn" rid="n24"><sup>24</sup></xref><fn id="n24"><label><sup>24</sup></label><p>This is the second footnote. There can be callouts in body footnotes  <xref ref-type="bibr" rid="test-01-01-01-Riddle1">Riddle et al. 1995</xref> is an example.</p></fn>. This sentence does not</p>
		</sec>
	</body>
	<back>
		<ref-list>
			<title>REFERENCES</title>
			<ref id="test-01-01-01-Dumbledore1">
				<element-citation>
					<person-group person-group-type="author">
						<name content-type="Sur-Given">
							<surname>Dumbledore<x>, </x></surname>
							<given-names>Albus Percival Wulfric Brian<x>, </x></given-names>
						</name>
						<name content-type="Given-Sur">
							<surname>McGonagall<x>, </x></surname>
							<given-names>Minerva<x> </x></given-names>
						</name>
						<name content-type="Given-Sur">
							<surname>Snape<x>, </x></surname>
							<given-names>Severus<x> </x></given-names>
						</name>
						<name content-type="Given-Sur">
							<surname>Umbridge<x>, </x></surname>
							<given-names>Dolores Jane<x> </x></given-names>
						</name>
						<name content-type="Given-Sur">
							<surname>Scamander<x>, </x></surname>
							<given-names>Newton Artemis Fido<x> </x></given-names>
						</name>
						<name content-type="Given-Sur">
							<surname>Dippet<x>, </x></surname>
							<given-names>Armando<x> </x></given-names>
						</name>
						<name content-type="Given-Sur">
							<surname>Black<x>, </x></surname>
							<given-names>Phineas Nigellus<x> </x></given-names>
						</name>
						<x>and </x>
						<name content-type="Given-Sur">
							<surname>Fortescue<x>. </x></surname>
							<given-names>Dexter<x>. </x></given-names>
						</name>
					</person-group>
					<year>2000</year><x>. </x>
					<article-title>Article Title</article-title><x>. </x>
					<source>Hogwart&apos;s Headmasters Journal</source><x> </x>
					<volume>00</volume><x> </x>
					<issue>00</issue><x>: </x>
					<fpage>1</fpage><x>&ndash;</x>
					<lpage>999</lpage><x>.</x>
				</element-citation>
			</ref>
			<ref id="test-01-01-01-Riddle1">
				<element-citation>
					<person-group person-group-type="author">
						<name content-type="Sur-Given">
							<surname>Riddle<x>, </x></surname>
							<given-names>Thomas Marvolo<x>, </x></given-names>
						</name>
						<name content-type="Given-Sur">
							<surname>Snape<x>, </x></surname>
							<given-names>Severus<x> </x></given-names>
						</name>
						<name content-type="Given-Sur">
							<surname>Pettigrew<x>, </x></surname>
							<given-names>Peter<x> </x></given-names>
						</name>
						<name content-type="Given-Sur">
							<surname>Malfoy<x>, </x></surname>
							<given-names>Lucius<x> </x></given-names>
						</name>
						<name content-type="Given-Sur">
							<surname>Lestrange<x>, </x></surname>
							<given-names>Bellatrix<x> </x></given-names>
						</name>
						<name content-type="Given-Sur">
							<surname>Dolohov<x>, </x></surname>
							<given-names>Antonin<x> </x></given-names>
						</name>
						<name content-type="Given-Sur">
							<surname>Black<x>, </x></surname>
							<given-names>Regulus<x> </x></given-names>
						</name>
						<x>and </x>
						<name content-type="Given-Sur">
							<surname>Malfoy<x>, </x></surname>
							<given-names>Draco<x> </x></given-names>
						</name>
					</person-group>
					<year>1995</year><x>. </x>
					<article-title>Article Title</article-title><x>. </x>
					<source>Death Eaters Journal</source><x> </x>
					<volume>00</volume><x> </x>
					<issue>00</issue><x>: </x>
					<fpage>1</fpage><x>&ndash;</x>
					<lpage>999</lpage><x>.</x>
				</element-citation>
			</ref>
		</ref-list>
		<fn-group>
			<fn id="n102" fn-type="conflict"><p>First page footnote text. There might be a callout here, like <xref ref-type="bibr" rid="test-01-01-01-Dumbledore1">Dumbledore et al. 2000</xref>.</p></fn>
			<fn id="n103" fn-type="conflict"><p>First page footnote text. There might be a callout here, like <xref ref-type="bibr" rid="test-01-01-01-Dumbledore1">Dumbledore et al. 2000</xref>.</p></fn>
			<fn id="n104" fn-type="conflict"><p>First page footnote text. There might be a callout here, like <xref ref-type="bibr" rid="test-01-01-01-Riddle1">Riddle et al. 1995</xref>.</p></fn>
			<fn id="n105" fn-type="conflict"><p>First page footnote text. There might be a callout here, like <xref ref-type="bibr" rid="test-01-01-01-Riddle1">Riddle et al. 1995</xref>.</p></fn>
		</fn-group>
		<sec>
			<title/>
			<fig id="test-01-01-01-f01" position="float">
				<label>Figure 1<x>. </x></label>
				<caption><p>Figure caption figure caption. There might be a callout here, like <xref ref-type="bibr" rid="test-01-01-01-Dumbledore1">Dumbledore et al. 2000</xref>.</p></caption>
				<graphic xlink:href="test-01-01-01-f01"/>
			</fig>
			<fig id="test-01-01-01-f02" position="float">
				<label>Figure 2<x>. </x></label>
				<caption><p>Figure caption figure caption. There might be a callout here, like <xref ref-type="bibr" rid="test-01-01-01-Riddle1">Riddle et al. 1995</xref>.</p></caption>
				<graphic xlink:href="test-01-01-01-f02"/>
			</fig>
			<fig id="test-01-01-01-f03" position="float">
				<label>Figure 1<x>. </x></label>
				<caption><p>Figure caption figure caption. There might be a callout here, like <xref ref-type="bibr" rid="test-01-01-01-Dumbledore1">Dumbledore et al. 2000</xref>.</p></caption>
				<graphic xlink:href="test-01-01-01-f03"/>
			</fig>
			<fig id="test-01-01-01-f04" position="float">
				<label>Figure 2<x>. </x></label>
				<caption><p>Figure caption figure caption. There might be a callout here, like <xref ref-type="bibr" rid="test-01-01-01-Riddle1">Riddle et al. 1995</xref>.</p></caption>
				<graphic xlink:href="test-01-01-01-f04"/>
			</fig>
			<fig id="test-01-01-01-f05" position="float">
				<label>Figure 1<x>. </x></label>
				<caption><p>Figure caption figure caption. There might be a callout here, like <xref ref-type="bibr" rid="test-01-01-01-Dumbledore1">Dumbledore et al. 2000</xref>.</p></caption>
				<graphic xlink:href="test-01-01-01-f05"/>
			</fig>
			<fig id="test-01-01-01-f06" position="float">
				<label>Figure 2<x>. </x></label>
				<caption><p>Figure caption figure caption. There might be a callout here, like <xref ref-type="bibr" rid="test-01-01-01-Riddle1">Riddle et al. 1995</xref>.</p></caption>
				<graphic xlink:href="test-01-01-01-f06"/>
			</fig>
			<fig id="test-01-01-01-f07" position="float">
				<label>Figure 1<x>. </x></label>
				<caption><p>Figure caption figure caption. There might be a callout here, like <xref ref-type="bibr" rid="test-01-01-01-Dumbledore1">Dumbledore et al. 2000</xref>.</p></caption>
				<graphic xlink:href="test-01-01-01-f07"/>
			</fig>
			<fig id="test-01-01-01-f08" position="float">
				<label>Figure 2<x>. </x></label>
				<caption><p>Figure caption figure caption. There might be a callout here, like <xref ref-type="bibr" rid="test-01-01-01-Riddle1">Riddle et al. 1995</xref>.</p></caption>
				<graphic xlink:href="test-01-01-01-f08"/>
			</fig>
			<fig id="test-01-01-01-f09" position="float">
				<label>Figure 1<x>. </x></label>
				<caption><p>Figure caption figure caption. There might be a callout here, like <xref ref-type="bibr" rid="test-01-01-01-Dumbledore1">Dumbledore et al. 2000</xref>.</p></caption>
				<graphic xlink:href="test-01-01-01-f09"/>
			</fig>
			<fig id="test-01-01-01-f10" position="float">
				<label>Figure 2<x>. </x></label>
				<caption><p>Figure caption figure caption. There might be a callout here, like <xref ref-type="bibr" rid="test-01-01-01-Riddle1">Riddle et al. 1995</xref>.</p></caption>
				<graphic xlink:href="test-01-01-01-f10"/>
			</fig>
			<fig id="test-01-01-01-f11" position="float">
				<label>Figure 1<x>. </x></label>
				<caption><p>Figure caption figure caption. There might be a callout here, like <xref ref-type="bibr" rid="test-01-01-01-Dumbledore1">Dumbledore et al. 2000</xref>.</p></caption>
				<graphic xlink:href="test-01-01-01-f11"/>
			</fig>
			<fig id="test-01-01-01-f12" position="float">
				<label>Figure 2<x>. </x></label>
				<caption><p>Figure caption figure caption. There might be a callout here, like <xref ref-type="bibr" rid="test-01-01-01-Riddle1">Riddle et al. 1995</xref>.</p></caption>
				<graphic xlink:href="test-01-01-01-f12"/>
			</fig>

			<table-wrap id="test-01-01-01-t01" position="float" content-type="2col">
				<label>Table 1<x>. </x></label>
				<caption><p>Table caption table caption. There might be a callout here, like <xref ref-type="bibr" rid="test-01-01-01-Dumbledore1">Dumbledore et al. 2000</xref>.</p></caption>
				<graphic xlink:href="test-01-01-01-t01"/>
				<table frame="hsides" rules="none"><colgroup><col id="tb1col1" align="left" charoff="0" char=""/><col id="tb1col2" align="center" charoff="0" char=""/></colgroup><thead><tr><td align="left">Left column</td><td>Right column</td></tr></thead><tbody><tr><td>Row 1</td><td>X</td></tr><tr><td>Row 2</td><td>Y</td></tr></tbody></table>
			</table-wrap>
			<table-wrap id="test-01-01-01-t02" position="float" content-type="2col">
				<label>Table 2<x>. </x></label>
				<caption><p>Table caption table caption. There might be a callout here, like <xref ref-type="bibr" rid="test-01-01-01-Riddle1">Riddle et al. 1995</xref>.</p></caption>
				<graphic xlink:href="test-01-01-01-t02"/>
				<table frame="hsides" rules="none"><colgroup><col id="tb1col1" align="left" charoff="0" char=""/><col id="tb1col2" align="center" charoff="0" char=""/></colgroup><thead><tr><td align="left">Left column</td><td>Right column</td></tr></thead><tbody><tr><td>Row 1</td><td>X</td></tr><tr><td>Row 2</td><td>Y</td></tr></tbody></table>
			</table-wrap>
			<table-wrap id="test-01-01-01-t03" position="float" content-type="2col">
				<label>Table 1<x>. </x></label>
				<caption><p>Table caption table caption. There might be a callout here, like <xref ref-type="bibr" rid="test-01-01-01-Dumbledore1">Dumbledore et al. 2000</xref>.</p></caption>
				<graphic xlink:href="test-01-01-01-t03"/>
				<table frame="hsides" rules="none"><colgroup><col id="tb1col1" align="left" charoff="0" char=""/><col id="tb1col2" align="center" charoff="0" char=""/></colgroup><thead><tr><td align="left">Left column</td><td>Right column</td></tr></thead><tbody><tr><td>Row 1</td><td>X</td></tr><tr><td>Row 2</td><td>Y</td></tr></tbody></table>
			</table-wrap>
			<table-wrap id="test-01-01-01-t04" position="float" content-type="2col">
				<label>Table 2<x>. </x></label>
				<caption><p>Table caption table caption. There might be a callout here, like <xref ref-type="bibr" rid="test-01-01-01-Riddle1">Riddle et al. 1995</xref>.</p></caption>
				<graphic xlink:href="test-01-01-01-t04"/>
				<table frame="hsides" rules="none"><colgroup><col id="tb1col1" align="left" charoff="0" char=""/><col id="tb1col2" align="center" charoff="0" char=""/></colgroup><thead><tr><td align="left">Left column</td><td>Right column</td></tr></thead><tbody><tr><td>Row 1</td><td>X</td></tr><tr><td>Row 2</td><td>Y</td></tr></tbody></table>
			</table-wrap>
			<table-wrap id="test-01-01-01-t05" position="float" content-type="2col">
				<label>Table 1<x>. </x></label>
				<caption><p>Table caption table caption. There might be a callout here, like <xref ref-type="bibr" rid="test-01-01-01-Dumbledore1">Dumbledore et al. 2000</xref>.</p></caption>
				<graphic xlink:href="test-01-01-01-t05"/>
				<table frame="hsides" rules="none"><colgroup><col id="tb1col1" align="left" charoff="0" char=""/><col id="tb1col2" align="center" charoff="0" char=""/></colgroup><thead><tr><td align="left">Left column</td><td>Right column</td></tr></thead><tbody><tr><td>Row 1</td><td>X</td></tr><tr><td>Row 2</td><td>Y</td></tr></tbody></table>
			</table-wrap>
			<table-wrap id="test-01-01-01-t06" position="float" content-type="2col">
				<label>Table 2<x>. </x></label>
				<caption><p>Table caption table caption. There might be a callout here, like <xref ref-type="bibr" rid="test-01-01-01-Riddle1">Riddle et al. 1995</xref>.</p></caption>
				<graphic xlink:href="test-01-01-01-t06"/>
				<table frame="hsides" rules="none"><colgroup><col id="tb1col1" align="left" charoff="0" char=""/><col id="tb1col2" align="center" charoff="0" char=""/></colgroup><thead><tr><td align="left">Left column</td><td>Right column</td></tr></thead><tbody><tr><td>Row 1</td><td>X</td></tr><tr><td>Row 2</td><td>Y</td></tr></tbody></table>
			</table-wrap>
			<table-wrap id="test-01-01-01-t07" position="float" content-type="2col">
				<label>Table 1<x>. </x></label>
				<caption><p>Table caption table caption. There might be a callout here, like <xref ref-type="bibr" rid="test-01-01-01-Dumbledore1">Dumbledore et al. 2000</xref>.</p></caption>
				<graphic xlink:href="test-01-01-01-t07"/>
				<table frame="hsides" rules="none"><colgroup><col id="tb1col1" align="left" charoff="0" char=""/><col id="tb1col2" align="center" charoff="0" char=""/></colgroup><thead><tr><td align="left">Left column</td><td>Right column</td></tr></thead><tbody><tr><td>Row 1</td><td>X</td></tr><tr><td>Row 2</td><td>Y</td></tr></tbody></table>
			</table-wrap>
			<table-wrap id="test-01-01-01-t08" position="float" content-type="2col">
				<label>Table 2<x>. </x></label>
				<caption><p>Table caption table caption. There might be a callout here, like <xref ref-type="bibr" rid="test-01-01-01-Riddle1">Riddle et al. 1995</xref>.</p></caption>
				<graphic xlink:href="test-01-01-01-t08"/>
				<table frame="hsides" rules="none"><colgroup><col id="tb1col1" align="left" charoff="0" char=""/><col id="tb1col2" align="center" charoff="0" char=""/></colgroup><thead><tr><td align="left">Left column</td><td>Right column</td></tr></thead><tbody><tr><td>Row 1</td><td>X</td></tr><tr><td>Row 2</td><td>Y</td></tr></tbody></table>
			</table-wrap>
			<table-wrap id="test-01-01-01-t09" position="float" content-type="2col">
				<label>Table 1<x>. </x></label>
				<caption><p>Table caption table caption. There might be a callout here, like <xref ref-type="bibr" rid="test-01-01-01-Dumbledore1">Dumbledore et al. 2000</xref>.</p></caption>
				<graphic xlink:href="test-01-01-01-t09"/>
				<table frame="hsides" rules="none"><colgroup><col id="tb1col1" align="left" charoff="0" char=""/><col id="tb1col2" align="center" charoff="0" char=""/></colgroup><thead><tr><td align="left">Left column</td><td>Right column</td></tr></thead><tbody><tr><td>Row 1</td><td>X</td></tr><tr><td>Row 2</td><td>Y</td></tr></tbody></table>
			</table-wrap>
			<table-wrap id="test-01-01-01-t10" position="float" content-type="2col">
				<label>Table 2<x>. </x></label>
				<caption><p>Table caption table caption. There might be a callout here, like <xref ref-type="bibr" rid="test-01-01-01-Riddle1">Riddle et al. 1995</xref>.</p></caption>
				<graphic xlink:href="test-01-01-01-t10"/>
				<table frame="hsides" rules="none"><colgroup><col id="tb1col1" align="left" charoff="0" char=""/><col id="tb1col2" align="center" charoff="0" char=""/></colgroup><thead><tr><td align="left">Left column</td><td>Right column</td></tr></thead><tbody><tr><td>Row 1</td><td>X</td></tr><tr><td>Row 2</td><td>Y</td></tr></tbody></table>
			</table-wrap>
			<table-wrap id="test-01-01-01-t11" position="float" content-type="2col">
				<label>Table 1<x>. </x></label>
				<caption><p>Table caption table caption. There might be a callout here, like <xref ref-type="bibr" rid="test-01-01-01-Dumbledore1">Dumbledore et al. 2000</xref>.</p></caption>
				<graphic xlink:href="test-01-01-01-t11"/>
				<table frame="hsides" rules="none"><colgroup><col id="tb1col1" align="left" charoff="0" char=""/><col id="tb1col2" align="center" charoff="0" char=""/></colgroup><thead><tr><td align="left">Left column</td><td>Right column</td></tr></thead><tbody><tr><td>Row 1</td><td>X</td></tr><tr><td>Row 2</td><td>Y</td></tr></tbody></table>
			</table-wrap>
			<table-wrap id="test-01-01-01-t12" position="float" content-type="2col">
				<label>Table 2<x>. </x></label>
				<caption><p>Table caption table caption. There might be a callout here, like <xref ref-type="bibr" rid="test-01-01-01-Riddle1">Riddle et al. 1995</xref>.</p></caption>
				<graphic xlink:href="test-01-01-01-t12"/>
				<table frame="hsides" rules="none"><colgroup><col id="tb1col1" align="left" charoff="0" char=""/><col id="tb1col2" align="center" charoff="0" char=""/></colgroup><thead><tr><td align="left">Left column</td><td>Right column</td></tr></thead><tbody><tr><td>Row 1</td><td>X</td></tr><tr><td>Row 2</td><td>Y</td></tr></tbody></table>
			</table-wrap>
		</sec>
	</back>
</article>
